<?xml version="1.0" encoding="UTF-8"?>
<!-- Generated by org.testng.reporters.JUnitXMLReporter -->
<testsuite hostname="DESKTOP-M0PHRPM" ignored="0" name="Test" tests="1" failures="1" timestamp="28 Apr 2021 20:25:45 GMT" time="0.106" errors="0">
  <testcase name="Manage" time="0.041" classname="Ecommerce.Droogh.HomePage">
    <failure type="java.lang.NullPointerException">
      <![CDATA[java.lang.NullPointerException
at Ecommerce.Droogh.HomePage.Manage(HomePage.java:13)
... Removed 25 stack frames]]>
    </failure>
  </testcase> <!-- Manage -->
</testsuite> <!-- Test -->
